2025-03-24 20:29:45 | INFO | 0x64147e9c635468A85e6C46c21691cD5A9F393f92 | CheckIn | c2ab9b12169ba9962566612e11d7edc0e53cd9429cab258e8e6af8d8e28dbbee
2025-03-24 20:30:27 | INFO | 0x64147e9c635468A85e6C46c21691cD5A9F393f92 | CheckIn | 61153431f4913e787f54ef669daadd6f613740de0f84f4e88295f47c28865392
2025-03-24 22:12:31 | ERROR | 0x64147e9c635468A85e6C46c21691cD5A9F393f92 | Quick Swap: swap ETH->USDC for 13310000000000 ETH | transaction_dict must be dict-like, got <coroutine object AsyncContractFunction.build_transaction at 0x000001AF445E9A40>
2025-03-24 22:13:18 | SUCCESS | 0x64147e9c635468A85e6C46c21691cD5A9F393f92 | Quick Swap: swap ETH->USDC for 10740000000000 ETH | 6177d11779521d06afdd67d1b2efcb8140a81632a8bab3cbced3b87af8455782
2025-03-24 22:14:25 | SUCCESS | 0x64147e9c635468A85e6C46c21691cD5A9F393f92 | Quick Swap: swap ETH->USDC for 12440000000000 ETH | 8161778dc1332aa7145fe8f5b351821c91b193f5e13214e58dfe50c6ec82a633
2025-03-24 22:17:02 | SUCCESS | 0x64147e9c635468A85e6C46c21691cD5A9F393f92 | Quick Swap: swap ETH->USDC for 12740000000000 ETH | a066d99e4e72657a94728d4885bea5736f8bc1923bcfe96553b4036e8f64f651
2025-03-24 22:17:37 | SUCCESS | 0x64147e9c635468A85e6C46c21691cD5A9F393f92 | Quick Swap: swap ETH->USDC for 13320000000000 ETH | 7e497628d2f9e15358d35a1ed7eb26bc66d136690b4c494ebfecf03a115c38f0
2025-03-24 22:18:40 | SUCCESS | 0x64147e9c635468A85e6C46c21691cD5A9F393f92 | Quick Swap: swap ETH->USDC | 5926ffeb271c97a7ed106ef38d9a31d4ac2bd223f994145ab9a79a076f3a353c
2025-03-24 22:26:40 | SUCCESS | 0x64147e9c635468A85e6C46c21691cD5A9F393f92 | Quick Swap: swap ETH->USDC | c03ea35238752cfcec3e6915d5dc2717a600c54227a0f1bae21c81d6d4082d66
2025-03-24 22:27:06 | SUCCESS | 0x64147e9c635468A85e6C46c21691cD5A9F393f92 | Quick Swap: swap ETH->USDC | 7d41625abf95b7b000d282bf84f427e7384bfbd130879153a56f836fa14fdec2
2025-03-25 12:52:48 | SUCCESS | 0x64147e9c635468A85e6C46c21691cD5A9F393f92 | Quick Swap: swap ETH->USDC | a2c6febf7e1103ad8a47e450e82da6821764598a0d20c6981a01841d5d2007a9
2025-03-25 12:53:06 | SUCCESS | 0x64147e9c635468A85e6C46c21691cD5A9F393f92 | Quick Swap: swap ETH->USDC | aec20663bb4a59a998a08cad94a52dea6c8cfa00c8766481f6dae7f45a9a1cf8
2025-03-25 13:25:46 | ERROR | Can't get ETH price
2025-03-25 13:26:10 | ERROR | Cannot connect to host 104.239.22.184:6562 ssl:default [Удаленный компьютер отклонил это сетевое подключение]
2025-03-25 13:26:29 | ERROR | Cannot connect to host 104.239.22.184:6562 ssl:default [Удаленный компьютер отклонил это сетевое подключение]
2025-03-25 13:26:42 | ERROR | Cannot connect to host 145.223.47.242:6824 ssl:default [Удаленный компьютер отклонил это сетевое подключение]
2025-03-25 13:33:12 | SUCCESS | 0x64147e9c635468A85e6C46c21691cD5A9F393f92 | Quick Swap: swap ETH->USDC | 163da1df9612c5a2b80f7343d7f780368e980b16e61290e97c6d32f42354d179
2025-03-25 14:06:51 | SUCCESS | 0x64147e9c635468A85e6C46c21691cD5A9F393f92 | Quick Swap: swap ETH->USDC | 36fa326e15d4b727a7cc2179780c8ea46598a8f548e77e576a2fb706d9296a9b
2025-03-25 14:18:10 | SUCCESS | 0x64147e9c635468A85e6C46c21691cD5A9F393f92 | Quick Swap: swap ETH->USDC | c57c5f7e061ddb32a22d9049c3b5bf0d1f276514741792f961d0ea4192afad97
2025-03-25 14:19:25 | SUCCESS | 0x64147e9c635468A85e6C46c21691cD5A9F393f92 | Quick Swap: swap ETH->USDC | f0bc17ce738d5a443867bee7b627a5f80144fdbe2d713fbaa325d0401420e0ba
2025-03-25 14:26:50 | ERROR | 0x64147e9c635468A85e6C46c21691cD5A9F393f92 |Недостаточно ETH для транзакции
2025-03-25 14:27:21 | ERROR | 0x64147e9c635468A85e6C46c21691cD5A9F393f92 | Quick Swap | Недостаточно ETH для транзакции
2025-03-25 14:27:54 | ERROR | 0x64147e9c635468A85e6C46c21691cD5A9F393f92 | Quick Swap | Недостаточно ETH для транзакции
2025-03-25 14:28:53 | ERROR | 0x64147e9c635468A85e6C46c21691cD5A9F393f92 | Quick Swap | Недостаточно ETH для выполнения свапа ETH -> USDC
2025-03-25 15:59:08 | INFO | Начинаю делать свап на Sone Fi
2025-03-25 15:59:53 | INFO | Начинаю делать свап на Sone Fi
2025-03-25 16:00:17 | INFO | Начинаю делать свап на Sone Fi
2025-03-25 16:01:28 | INFO | Начинаю делать свап на Sone Fi
2025-03-25 16:01:30 | ERROR | object NoneType can't be used in 'await' expression
2025-03-25 16:02:20 | INFO | Начинаю делать свап на Sone Fi
2025-03-25 16:02:58 | INFO | Начинаю делать свап на Sone Fi
2025-03-25 16:03:30 | INFO | Начинаю делать свап на Sone Fi
2025-03-25 16:03:52 | INFO | Начинаю делать свап на Sone Fi
2025-03-25 16:04:39 | INFO | Начинаю делать свап на Sone Fi
2025-03-25 16:05:21 | INFO | Начинаю делать свап на Sone Fi
2025-03-25 16:05:59 | INFO | Начинаю делать свап на Sone Fi
2025-03-25 16:07:23 | INFO | Начинаю делать свап на Sone Fi
2025-03-25 16:07:45 | INFO | Начинаю делать свап на Sone Fi
2025-03-25 16:08:09 | INFO | Начинаю делать свап на Sone Fi
2025-03-25 16:08:37 | INFO | Начинаю делать свап на Sone Fi
2025-03-25 16:11:01 | INFO | Начинаю делать свап на Sone Fi
2025-03-25 16:11:44 | INFO | Начинаю делать свап на Sone Fi
2025-03-25 16:12:30 | INFO | Начинаю делать свап на Sone Fi
2025-03-25 16:13:22 | INFO | Начинаю делать свап на Sone Fi
2025-03-25 16:14:19 | INFO | Начинаю делать свап на Sone Fi
2025-03-25 16:17:04 | INFO | Начинаю делать свап на Sone Fi
2025-03-25 16:24:41 | INFO | Начинаю делать свап на Sone Fi
2025-03-25 16:25:13 | INFO | Начинаю делать свап на Sone Fi
2025-03-25 16:25:47 | INFO | Начинаю делать свап на Sone Fi
2025-03-25 16:30:13 | INFO | Начинаю делать свап на Sone Fi
2025-03-25 22:10:03 | INFO | Начинаю делать свап на Sone Fi
2025-03-25 22:13:32 | INFO | Начинаю делать свап на Sone Fi
2025-03-25 22:14:09 | INFO | Начинаю делать свап на Sone Fi
2025-03-25 22:15:23 | INFO | Начинаю делать свап на Sone Fi
2025-03-25 22:16:01 | INFO | Начинаю делать свап на Sone Fi
2025-03-25 22:17:05 | INFO | Начинаю делать свап на Sone Fi
2025-03-25 22:38:05 | INFO | Начинаю делать свап на Sone Fi
2025-03-26 01:42:28 | INFO | Начинаю делать свап на Sone Fi
2025-03-26 01:43:14 | INFO | Начинаю делать свап на Sone Fi
2025-03-26 01:45:09 | INFO | Начинаю делать свап на Sone Fi
2025-03-26 01:46:20 | INFO | Начинаю делать свап на Sone Fi
2025-03-26 01:46:37 | SUCCESS | 0x64147e9c635468A85e6C46c21691cD5A9F393f92 | Sone Fi: swap ETH->USDC | 7b2510cd116c40dc4f3dfdb509cd65e3894867fc15216def5f2fd8f297f4aed9
2025-03-26 02:22:46 | INFO | Начинаю делать свап на Sone Fi
2025-03-26 02:23:27 | INFO | Начинаю делать свап на Sone Fi
2025-03-26 02:24:13 | INFO | Начинаю делать свап на Sone Fi
2025-03-26 02:24:32 | INFO | Начинаю делать свап на Sone Fi
2025-03-26 02:25:25 | INFO | Начинаю делать свап на Sone Fi
2025-03-26 02:26:27 | INFO | Начинаю делать свап на Sone Fi
2025-03-26 02:27:17 | INFO | Начинаю делать свап на Sone Fi
2025-03-26 02:27:34 | INFO | Начинаю делать свап на Sone Fi
2025-03-26 02:27:52 | INFO | Начинаю делать свап на Sone Fi
2025-03-26 02:28:04 | SUCCESS | 0x64147e9c635468A85e6C46c21691cD5A9F393f92 | Sone Fi: swap ETH->USDC | 1df56c271be3ba558b43c5172501fa65305e841c3cd4650151fee640c901d644
2025-03-26 02:28:36 | INFO | Начинаю делать свап на Sone Fi
2025-03-26 02:30:40 | INFO | Начинаю делать свап на Sone Fi
2025-03-26 02:32:15 | INFO | Начинаю делать свап на Sone Fi
2025-03-26 02:32:32 | SUCCESS | 0x64147e9c635468A85e6C46c21691cD5A9F393f92 | Sone Fi: swap ETH->USDT | 2c7fd53a60f5026b8b72a5961bef89e04854a0d15f18b18747d0c5fbf1195d76
2025-03-26 13:40:49 | INFO | Начинаю делать свап на Sone Fi
2025-03-26 13:40:59 | INFO | Начинаю делать свап на Sone Fi
2025-03-26 13:41:38 | INFO | Начинаю делать свап на Sone Fi
2025-03-26 13:41:52 | SUCCESS | 0x64147e9c635468A85e6C46c21691cD5A9F393f92 | Sone Fi: swap ETH->USDC | 61fcbf98a12bd69a12f17e72e7858b0f017919f878d3d0f40d6753b7a95e496b
2025-03-26 13:42:26 | INFO | Начинаю делать свап на Sone Fi
2025-03-26 13:42:43 | ERROR | 0x64147e9c635468A85e6C46c21691cD5A9F393f92 |Недостаточно ETH для транзакции
2025-03-26 13:43:27 | INFO | Начинаю делать свап на Sone Fi
2025-03-26 13:44:26 | INFO | Начинаю делать свап на Sone Fi
2025-03-26 13:45:52 | INFO | Начинаю делать свап на Sone Fi
2025-03-26 13:45:53 | ERROR | 0x64147e9c635468A85e6C46c21691cD5A9F393f92 | Sone Fi | Слишком маленькая сумма свапа, не удалось найти маршрут
2025-03-26 13:46:05 | INFO | Начинаю делать свап на Sone Fi
2025-03-26 13:46:06 | ERROR | 0x64147e9c635468A85e6C46c21691cD5A9F393f92 | Sone Fi | Слишком маленькая сумма свапа, не удалось найти маршрут
2025-03-26 13:46:19 | INFO | Начинаю делать свап на Sone Fi
2025-03-26 13:46:20 | ERROR | 0x64147e9c635468A85e6C46c21691cD5A9F393f92 | Sone Fi | Слишком маленькая сумма свапа, не удалось найти маршрут
2025-03-26 13:47:19 | INFO | Начинаю делать свап на Sone Fi
2025-03-26 13:47:20 | ERROR | 0x64147e9c635468A85e6C46c21691cD5A9F393f92 | Sone Fi | Слишком маленькая сумма свапа, не удалось найти маршрут
2025-03-26 13:48:16 | INFO | Начинаю делать свап на Sone Fi
2025-03-26 13:48:33 | SUCCESS | 0x64147e9c635468A85e6C46c21691cD5A9F393f92 | Sone Fi: swap ETH->USDT | 5486e1571db78d15f83859be5678a3886f8e804e143126ec79dc18b41df50652
2025-03-26 14:16:14 | INFO | Начинаю делать свап на Sone Fi
2025-03-26 14:16:20 | SUCCESS | 0x64147e9c635468A85e6C46c21691cD5A9F393f92 | Sone Fi: approve USDC | 13d7f75d3210374c4c918cd86654bde6b30d15b8c6666005974dd318e308c738
2025-03-26 14:16:45 | ERROR | 0x64147e9c635468A85e6C46c21691cD5A9F393f92 | Недостаточно USDC для транзакции
2025-03-26 14:17:44 | INFO | Начинаю делать свап на Sone Fi
2025-03-26 14:17:57 | SUCCESS | 0x64147e9c635468A85e6C46c21691cD5A9F393f92 | Sone Fi: approve USDC | e1010f55a9119a1d6710c13b82deea64863defc50943a5a5a8e3bf55b430ed1e
2025-03-26 14:18:15 | ERROR | 0x64147e9c635468A85e6C46c21691cD5A9F393f92 | ('execution reverted: Invalid ETH amount', '0x08c379a000000000000000000000000000000000000000000000000000000000000000200000000000000000000000000000000000000000000000000000000000000012496e76616c69642045544820616d6f756e740000000000000000000000000000')
2025-03-26 14:20:56 | INFO | Начинаю делать свап на Sone Fi
2025-03-26 14:21:12 | SUCCESS | 0x64147e9c635468A85e6C46c21691cD5A9F393f92 | Sone Fi: approve USDC | 02474f169d522c127a79bbb55468517f40ea0dcb3318ee100de11cebb4116823
2025-03-26 14:21:34 | ERROR | 0x64147e9c635468A85e6C46c21691cD5A9F393f92 | ('execution reverted: Invalid ETH amount', '0x08c379a000000000000000000000000000000000000000000000000000000000000000200000000000000000000000000000000000000000000000000000000000000012496e76616c69642045544820616d6f756e740000000000000000000000000000')
2025-03-26 14:23:09 | INFO | Начинаю делать свап на Sone Fi
2025-03-26 14:23:24 | SUCCESS | 0x64147e9c635468A85e6C46c21691cD5A9F393f92 | Sone Fi: approve USDC | 76422baf4a5dbf0a754453e1d6c97da7050aa2ef661f6d1b56056edfe841766b
2025-03-26 14:24:40 | INFO | Начинаю делать свап на Sone Fi
2025-03-26 14:24:53 | INFO | Начинаю делать свап на Sone Fi
2025-03-26 14:25:11 | SUCCESS | 0x64147e9c635468A85e6C46c21691cD5A9F393f92 | Sone Fi: approve USDC | 39320476528b524ae287721b48e4848d308e92ddc16243c856992ddfec84084b
2025-03-26 14:25:30 | ERROR | 0x64147e9c635468A85e6C46c21691cD5A9F393f92 | ('execution reverted: Invalid route', '0x08c379a00000000000000000000000000000000000000000000000000000000000000020000000000000000000000000000000000000000000000000000000000000000d496e76616c696420726f75746500000000000000000000000000000000000000')
2025-03-26 14:32:58 | INFO | Начинаю делать свап на Sone Fi
2025-03-26 14:33:14 | SUCCESS | 0x64147e9c635468A85e6C46c21691cD5A9F393f92 | Sone Fi: approve USDC | a79406569f541e374a41cdea81b4e29c1227736ec94c2e523f0eeb67410748fb
2025-03-26 14:33:36 | ERROR | 0x64147e9c635468A85e6C46c21691cD5A9F393f92 | ('execution reverted: Invalid route', '0x08c379a00000000000000000000000000000000000000000000000000000000000000020000000000000000000000000000000000000000000000000000000000000000d496e76616c696420726f75746500000000000000000000000000000000000000')
2025-03-26 14:37:20 | INFO | Начинаю делать свап на Sone Fi
2025-03-26 14:37:34 | SUCCESS | 0x64147e9c635468A85e6C46c21691cD5A9F393f92 | Sone Fi: approve USDC | 416d5ce59aea24989216adab4f72feca7ce3e75f9617ffbbdaafd94d3909c478
2025-03-26 14:37:50 | ERROR | 0x64147e9c635468A85e6C46c21691cD5A9F393f92 | ('execution reverted: Invalid route', '0x08c379a00000000000000000000000000000000000000000000000000000000000000020000000000000000000000000000000000000000000000000000000000000000d496e76616c696420726f75746500000000000000000000000000000000000000')
2025-03-26 14:46:26 | INFO | Начинаю делать свап на Sone Fi
2025-03-26 14:46:40 | SUCCESS | 0x64147e9c635468A85e6C46c21691cD5A9F393f92 | Sone Fi: approve USDC | 064f4044a8f061d75734c9f3c5085cd3bc23a6729a59a97707fb0da6bad5ea26
2025-03-26 14:47:01 | ERROR | 0x64147e9c635468A85e6C46c21691cD5A9F393f92 | ('execution reverted: Invalid route', '0x08c379a00000000000000000000000000000000000000000000000000000000000000020000000000000000000000000000000000000000000000000000000000000000d496e76616c696420726f75746500000000000000000000000000000000000000')
2025-03-26 14:47:25 | INFO | Начинаю делать свап на Sone Fi
2025-03-26 14:47:38 | SUCCESS | 0x64147e9c635468A85e6C46c21691cD5A9F393f92 | Sone Fi: approve USDC | 99e671297c981c1fe333ad2557fde9d220e4353b7d3ed1ba6a689f0081f76703
2025-03-26 14:47:58 | ERROR | 0x64147e9c635468A85e6C46c21691cD5A9F393f92 | ('execution reverted: Invalid route', '0x08c379a00000000000000000000000000000000000000000000000000000000000000020000000000000000000000000000000000000000000000000000000000000000d496e76616c696420726f75746500000000000000000000000000000000000000')
2025-03-29 15:05:18 | SUCCESS | 0x64147e9c635468A85e6C46c21691cD5A9F393f92 | Untitled bank: approve | bd7811ebfb54d225bee049679a5e7775037f7964d2c411e19aa6c7c3f9897a25
2025-03-29 15:05:44 | SUCCESS | 0x64147e9c635468A85e6C46c21691cD5A9F393f92 | Untitled bank: approve | e6942c7aacda975ae43991a226729a09734b76c2e5f9499eedf688221ac01ab9
2025-03-29 15:06:25 | SUCCESS | 0x64147e9c635468A85e6C46c21691cD5A9F393f92 | Untitled bank: approve | cfdc2802552fbc1adc8d0345d8502177bd5c6650002f6ec9bc4bdcd8c142779c
2025-03-29 15:06:34 | ERROR | 0x64147e9c635468A85e6C46c21691cD5A9F393f92 | Untitled bank | Произошла ошибка: ("The function 'approve' was not found in this ", "contract's abi.") во время аппрува
2025-03-29 15:07:10 | SUCCESS | 0x64147e9c635468A85e6C46c21691cD5A9F393f92 | Untitled bank: approve | ecf182c80c5ff891573db52c6070efd64de143105a2ae9a6ef61b9f152f1e218
2025-03-29 15:07:32 | SUCCESS | 0x64147e9c635468A85e6C46c21691cD5A9F393f92 | Untitled bank: approve | d9dcb9914ccd8e0e9cf3b9c287c00e80a1b10933a950fda7fc6822188afd02a5
2025-03-29 15:08:46 | SUCCESS | 0x64147e9c635468A85e6C46c21691cD5A9F393f92 | Untitled bank: deposit | bdbb16fae3b5bf459072d97c0370f96a34c64d3806496e663829b8e4150f7118
2025-03-29 15:21:56 | SUCCESS | 0x64147e9c635468A85e6C46c21691cD5A9F393f92 | Untitled bank: approve | c49c9d88662877fac3e583339dd2fd64c7be1125bab91a93f9908deadf1e0ca4
2025-03-29 15:22:13 | SUCCESS | 0x64147e9c635468A85e6C46c21691cD5A9F393f92 | Untitled bank: deposit | cc022379b475e8133d150c9fdad905bc6ff6071f78319ea82d36562d631a5636
2025-03-29 15:22:19 | SUCCESS | 0x64147e9c635468A85e6C46c21691cD5A9F393f92 | Untitled bank | Сделал депозит, всего: 1/1
2025-03-29 15:25:38 | SUCCESS | 0x64147e9c635468A85e6C46c21691cD5A9F393f92 | Untitled bank | Начинаю делать
2025-03-29 15:25:45 | SUCCESS | 0x64147e9c635468A85e6C46c21691cD5A9F393f92 | Quick Swap: swap ETH->USDC | bf2540af18142b7a0dfec6a0c93713ad3690e5ebc3663d7944fa0e8b762a132a
2025-03-29 15:25:51 | SUCCESS | 0x64147e9c635468A85e6C46c21691cD5A9F393f92 | Quick Swap | Сделал свап, всего: 1/2
2025-03-29 15:26:53 | SUCCESS | 0x64147e9c635468A85e6C46c21691cD5A9F393f92 | Quick Swap: swap ETH->USDC | 03833def8e041a0cf49a11662ccd6cc523e7bb16c3da494a93ffbc33a116618a
2025-03-29 15:26:59 | ERROR | 0x64147e9c635468A85e6C46c21691cD5A9F393f92 | Quick Swap | Не удалось сделать депозит
2025-03-29 15:27:39 | SUCCESS | 0x64147e9c635468A85e6C46c21691cD5A9F393f92 | Quick Swap: swap ETH->USDC | 766b0e0929edaaf94c390d3acb13749e470f5f12c75996d711916a64a6fe6720
2025-03-29 15:27:45 | SUCCESS | 0x64147e9c635468A85e6C46c21691cD5A9F393f92 | Quick Swap | Сделал свап, всего: 2/2
2025-03-29 15:44:37 | SUCCESS | 0x64147e9c635468A85e6C46c21691cD5A9F393f92 | Quick Swap | Начинаю делать
2025-03-29 15:44:45 | SUCCESS | 0x64147e9c635468A85e6C46c21691cD5A9F393f92 | Quick Swap: swap ETH->USDC | b97007273cf38496dec18cca98ee5779189ee736ff315af6e2803ae6cea34c60
2025-03-29 15:44:51 | ERROR | 0x64147e9c635468A85e6C46c21691cD5A9F393f92 | Quick Swap | Не удалось сделать депозит
2025-03-29 15:45:27 | SUCCESS | 0x64147e9c635468A85e6C46c21691cD5A9F393f92 | Quick Swap: swap ETH->USDC | d9a03f63769b07715d8fc9ae885abc39f78dfadb45c4f2feb19ff904915befee
2025-03-29 15:45:33 | INFO | 0x64147e9c635468A85e6C46c21691cD5A9F393f92 | Quick Swap | Сделал свап, всего: 1/2
2025-03-29 15:46:11 | ERROR | 0x64147e9c635468A85e6C46c21691cD5A9F393f92 |Недостаточно ETH для транзакции
2025-03-29 15:46:11 | ERROR | 0x64147e9c635468A85e6C46c21691cD5A9F393f92 | Quick Swap | Не удалось сделать депозит
